{
  "stats": {
    "suites": 4,
    "tests": 4,
    "passes": 4,
    "pending": 0,
    "failures": 0,
    "start": "2022-10-12T04:27:57.583Z",
    "end": "2022-10-12T04:30:05.460Z",
    "duration": 33136,
    "testsRegistered": 4,
    "passPercent": 100,
    "pendingPercent": 0,
    "other": 0,
    "hasOther": false,
    "skipped": 0,
    "hasSkipped": false
  },
  "results": [
    {
      "uuid": "0d272178-3d59-4a96-afb2-e55909bb94dd",
      "title": "",
      "fullFile": "cypress\\e2e\\FileDownload.cy.js",
      "file": "cypress\\e2e\\FileDownload.cy.js",
      "beforeHooks": [],
      "afterHooks": [],
      "tests": [],
      "suites": [
        {
          "uuid": "c1e70139-dcee-4cd3-898e-ccd4077d4fc6",
          "title": "download file",
          "fullFile": "",
          "file": "",
          "beforeHooks": [],
          "afterHooks": [],
          "tests": [
            {
              "title": "should download the file ",
              "fullTitle": "download file should download the file ",
              "timedOut": null,
              "duration": 7257,
              "state": "passed",
              "speed": "medium",
              "pass": true,
              "fail": false,
              "pending": false,
              "context": null,
              "code": "homePage.selectFileDownload();\ncommonMethods.pageTitle();\nfileDownload.pageHeading();\nfileDownload.validatingFileVisible();\nfileDownload.selectDownload();\nfileDownload.downloadVerification();",
              "err": {},
              "uuid": "a0209c7f-a914-4ced-b927-461cceda230b",
              "parentUUID": "c1e70139-dcee-4cd3-898e-ccd4077d4fc6",
              "isHook": false,
              "skipped": false
            }
          ],
          "suites": [],
          "passes": [
            "a0209c7f-a914-4ced-b927-461cceda230b"
          ],
          "failures": [],
          "pending": [],
          "skipped": [],
          "duration": 7257,
          "root": false,
          "rootEmpty": false,
          "_timeout": 2000
        }
      ],
      "passes": [],
      "failures": [],
      "pending": [],
      "skipped": [],
      "duration": 0,
      "root": true,
      "rootEmpty": true,
      "_timeout": 2000
    },
    {
      "uuid": "733c0512-fbe3-472f-b24d-6997fbfe59ed",
      "title": "",
      "fullFile": "cypress\\e2e\\Iframe.cy.js",
      "file": "cypress\\e2e\\Iframe.cy.js",
      "beforeHooks": [],
      "afterHooks": [],
      "tests": [],
      "suites": [
        {
          "uuid": "15f2ae0a-9316-4924-9b01-81f040ba9b8c",
          "title": "Hanling iframe",
          "fullFile": "",
          "file": "",
          "beforeHooks": [],
          "afterHooks": [],
          "tests": [
            {
              "title": "should open the frame",
              "fullTitle": "Hanling iframe should open the frame",
              "timedOut": null,
              "duration": 11091,
              "state": "passed",
              "speed": "slow",
              "pass": true,
              "fail": false,
              "pending": false,
              "context": null,
              "code": "homePage.selectIframe();\ncommonMethods.pageTitle();\niframe.clickIframe();\niframe.validatingPage();\niframe.selectiFrame();\niframe.clickingItalic();\niframe.validatingItalic();\niframe.clickingFormat();\niframe.validatingFormat();\niframe.clickingTextColor();\niframe.validatingTextcolour();\niframe.clickColor();",
              "err": {},
              "uuid": "87e6c59c-9a68-40a6-9361-c7a65e9a4427",
              "parentUUID": "15f2ae0a-9316-4924-9b01-81f040ba9b8c",
              "isHook": false,
              "skipped": false
            }
          ],
          "suites": [],
          "passes": [
            "87e6c59c-9a68-40a6-9361-c7a65e9a4427"
          ],
          "failures": [],
          "pending": [],
          "skipped": [],
          "duration": 11091,
          "root": false,
          "rootEmpty": false,
          "_timeout": 2000
        }
      ],
      "passes": [],
      "failures": [],
      "pending": [],
      "skipped": [],
      "duration": 0,
      "root": true,
      "rootEmpty": true,
      "_timeout": 2000
    },
    {
      "uuid": "b7423996-1fcf-4dc8-9a80-a002df629bb1",
      "title": "",
      "fullFile": "cypress\\e2e\\MultipleWindows.cy.js",
      "file": "cypress\\e2e\\MultipleWindows.cy.js",
      "beforeHooks": [],
      "afterHooks": [],
      "tests": [],
      "suites": [
        {
          "uuid": "4ae56cf7-de32-4502-941a-dbb8ba7db049",
          "title": "Multiple windows",
          "fullFile": "",
          "file": "",
          "beforeHooks": [],
          "afterHooks": [],
          "tests": [
            {
              "title": "should open the window ",
              "fullTitle": "Multiple windows should open the window ",
              "timedOut": null,
              "duration": 6414,
              "state": "passed",
              "speed": "medium",
              "pass": true,
              "fail": false,
              "pending": false,
              "context": null,
              "code": "homePage.selectMultipleWindows();\ncommonMethods.pageTitle();\nwindowPage.pageHeading();\nwindowPage.selectNewWindows();\nwindowPage.verifyTitle();",
              "err": {},
              "uuid": "587e543c-cb0d-45d5-8048-27efa48f6089",
              "parentUUID": "4ae56cf7-de32-4502-941a-dbb8ba7db049",
              "isHook": false,
              "skipped": false
            }
          ],
          "suites": [],
          "passes": [
            "587e543c-cb0d-45d5-8048-27efa48f6089"
          ],
          "failures": [],
          "pending": [],
          "skipped": [],
          "duration": 6414,
          "root": false,
          "rootEmpty": false,
          "_timeout": 2000
        }
      ],
      "passes": [],
      "failures": [],
      "pending": [],
      "skipped": [],
      "duration": 0,
      "root": true,
      "rootEmpty": true,
      "_timeout": 2000
    },
    {
      "uuid": "0a3b2469-99c3-4726-941c-81d34eb7ed8f",
      "title": "",
      "fullFile": "cypress\\e2e\\DragAndDrop.cy.js",
      "file": "cypress\\e2e\\DragAndDrop.cy.js",
      "beforeHooks": [],
      "afterHooks": [],
      "tests": [],
      "suites": [
        {
          "uuid": "a716137a-bbbe-49b2-a9f3-a5df5bcf153d",
          "title": "Drag and Drop",
          "fullFile": "",
          "file": "",
          "beforeHooks": [],
          "afterHooks": [],
          "tests": [
            {
              "title": "should drag  column a to the column b",
              "fullTitle": "Drag and Drop should drag  column a to the column b",
              "timedOut": null,
              "duration": 8374,
              "state": "passed",
              "speed": "medium",
              "pass": true,
              "fail": false,
              "pending": false,
              "context": null,
              "code": "homePage.selectDragAndDrop();\ncommonMethods.pageTitle();\ndragdrop.pageHeading();\ndragdrop.beforeDrag();\ndragdrop.selectDrag();\ndragdrop.selectDrop();\ndragdrop.afterDrop();",
              "err": {},
              "uuid": "fb2974f8-a35f-42d3-b10d-5e07d4c40afc",
              "parentUUID": "a716137a-bbbe-49b2-a9f3-a5df5bcf153d",
              "isHook": false,
              "skipped": false
            }
          ],
          "suites": [],
          "passes": [
            "fb2974f8-a35f-42d3-b10d-5e07d4c40afc"
          ],
          "failures": [],
          "pending": [],
          "skipped": [],
          "duration": 8374,
          "root": false,
          "rootEmpty": false,
          "_timeout": 2000
        }
      ],
      "passes": [],
      "failures": [],
      "pending": [],
      "skipped": [],
      "duration": 0,
      "root": true,
      "rootEmpty": true,
      "_timeout": 2000
    }
  ],
  "meta": {
    "mocha": {
      "version": "7.0.1"
    },
    "mochawesome": {
      "options": {
        "quiet": false,
        "reportFilename": "mochawesome",
        "saveHtml": true,
        "saveJson": true,
        "consoleReporter": "spec",
        "useInlineDiffs": false,
        "code": true
      },
      "version": "7.1.3"
    },
    "marge": {
      "options": {
        "reportDir": "mochawesome-report",
        "overwrite": false,
        "html": true,
        "json": true,
        "charts": true,
        "saveAllAttempts": false
      },
      "version": "6.2.0"
    }
  }
}