{
  "stats": {
    "suites": 1,
    "tests": 1,
    "passes": 1,
    "pending": 0,
    "failures": 0,
    "start": "2022-10-12T04:29:25.905Z",
    "end": "2022-10-12T04:29:39.992Z",
    "duration": 14087,
    "testsRegistered": 1,
    "passPercent": 100,
    "pendingPercent": 0,
    "other": 0,
    "hasOther": false,
    "skipped": 0,
    "hasSkipped": false
  },
  "results": [
    {
      "uuid": "733c0512-fbe3-472f-b24d-6997fbfe59ed",
      "title": "",
      "fullFile": "cypress\\e2e\\Iframe.cy.js",
      "file": "cypress\\e2e\\Iframe.cy.js",
      "beforeHooks": [],
      "afterHooks": [],
      "tests": [],
      "suites": [
        {
          "uuid": "15f2ae0a-9316-4924-9b01-81f040ba9b8c",
          "title": "Hanling iframe",
          "fullFile": "",
          "file": "",
          "beforeHooks": [],
          "afterHooks": [],
          "tests": [
            {
              "title": "should open the frame",
              "fullTitle": "Hanling iframe should open the frame",
              "timedOut": null,
              "duration": 11091,
              "state": "passed",
              "speed": "slow",
              "pass": true,
              "fail": false,
              "pending": false,
              "context": null,
              "code": "homePage.selectIframe();\ncommonMethods.pageTitle();\niframe.clickIframe();\niframe.validatingPage();\niframe.selectiFrame();\niframe.clickingItalic();\niframe.validatingItalic();\niframe.clickingFormat();\niframe.validatingFormat();\niframe.clickingTextColor();\niframe.validatingTextcolour();\niframe.clickColor();",
              "err": {},
              "uuid": "87e6c59c-9a68-40a6-9361-c7a65e9a4427",
              "parentUUID": "15f2ae0a-9316-4924-9b01-81f040ba9b8c",
              "isHook": false,
              "skipped": false
            }
          ],
          "suites": [],
          "passes": [
            "87e6c59c-9a68-40a6-9361-c7a65e9a4427"
          ],
          "failures": [],
          "pending": [],
          "skipped": [],
          "duration": 11091,
          "root": false,
          "rootEmpty": false,
          "_timeout": 2000
        }
      ],
      "passes": [],
      "failures": [],
      "pending": [],
      "skipped": [],
      "duration": 0,
      "root": true,
      "rootEmpty": true,
      "_timeout": 2000
    }
  ],
  "meta": {
    "mocha": {
      "version": "7.0.1"
    },
    "mochawesome": {
      "options": {
        "quiet": false,
        "reportFilename": "mochawesome",
        "saveHtml": true,
        "saveJson": true,
        "consoleReporter": "spec",
        "useInlineDiffs": false,
        "code": true
      },
      "version": "7.1.3"
    },
    "marge": {
      "options": {
        "reportDir": "mochawesome-report",
        "overwrite": false,
        "html": true,
        "json": true,
        "charts": true,
        "saveAllAttempts": false
      },
      "version": "6.2.0"
    }
  }
}