{
  "stats": {
    "suites": 1,
    "tests": 1,
    "passes": 1,
    "pending": 0,
    "failures": 0,
    "start": "2022-10-12T04:29:01.465Z",
    "end": "2022-10-12T04:29:11.728Z",
    "duration": 10263,
    "testsRegistered": 1,
    "passPercent": 100,
    "pendingPercent": 0,
    "other": 0,
    "hasOther": false,
    "skipped": 0,
    "hasSkipped": false
  },
  "results": [
    {
      "uuid": "0d272178-3d59-4a96-afb2-e55909bb94dd",
      "title": "",
      "fullFile": "cypress\\e2e\\FileDownload.cy.js",
      "file": "cypress\\e2e\\FileDownload.cy.js",
      "beforeHooks": [],
      "afterHooks": [],
      "tests": [],
      "suites": [
        {
          "uuid": "c1e70139-dcee-4cd3-898e-ccd4077d4fc6",
          "title": "download file",
          "fullFile": "",
          "file": "",
          "beforeHooks": [],
          "afterHooks": [],
          "tests": [
            {
              "title": "should download the file ",
              "fullTitle": "download file should download the file ",
              "timedOut": null,
              "duration": 7257,
              "state": "passed",
              "speed": "medium",
              "pass": true,
              "fail": false,
              "pending": false,
              "context": null,
              "code": "homePage.selectFileDownload();\ncommonMethods.pageTitle();\nfileDownload.pageHeading();\nfileDownload.validatingFileVisible();\nfileDownload.selectDownload();\nfileDownload.downloadVerification();",
              "err": {},
              "uuid": "a0209c7f-a914-4ced-b927-461cceda230b",
              "parentUUID": "c1e70139-dcee-4cd3-898e-ccd4077d4fc6",
              "isHook": false,
              "skipped": false
            }
          ],
          "suites": [],
          "passes": [
            "a0209c7f-a914-4ced-b927-461cceda230b"
          ],
          "failures": [],
          "pending": [],
          "skipped": [],
          "duration": 7257,
          "root": false,
          "rootEmpty": false,
          "_timeout": 2000
        }
      ],
      "passes": [],
      "failures": [],
      "pending": [],
      "skipped": [],
      "duration": 0,
      "root": true,
      "rootEmpty": true,
      "_timeout": 2000
    }
  ],
  "meta": {
    "mocha": {
      "version": "7.0.1"
    },
    "mochawesome": {
      "options": {
        "quiet": false,
        "reportFilename": "mochawesome",
        "saveHtml": true,
        "saveJson": true,
        "consoleReporter": "spec",
        "useInlineDiffs": false,
        "code": true
      },
      "version": "7.1.3"
    },
    "marge": {
      "options": {
        "reportDir": "mochawesome-report",
        "overwrite": false,
        "html": true,
        "json": true,
        "charts": true,
        "saveAllAttempts": false
      },
      "version": "6.2.0"
    }
  }
}